<?xml version="1.0" encoding="UTF-8"?>
<!-- Generated by org.testng.reporters.JUnitReportReporter -->
<testsuite skipped="0" hostname="LTIN290374" name="testng_operations.Ex20_HandleRightClick" tests="1" failures="0" timestamp="16 Feb 2022 10:03:22 GMT" time="15.817" errors="0">
  <testcase name="test01" time="15.817" classname="testng_operations.Ex20_HandleRightClick"/>
</testsuite> <!-- testng_operations.Ex20_HandleRightClick -->
