<?xml version="1.0" encoding="UTF-8"?>
<!-- Generated by org.testng.reporters.JUnitReportReporter -->
<testsuite skipped="0" hostname="LTIN290374" name="testng_operations.Ex19_HandleMouseHover" tests="1" failures="0" timestamp="16 Feb 2022 09:54:35 GMT" time="13.842" errors="0">
  <testcase name="test01" time="13.842" classname="testng_operations.Ex19_HandleMouseHover"/>
</testsuite> <!-- testng_operations.Ex19_HandleMouseHover -->
