<?xml version="1.0" encoding="UTF-8"?>
<!-- Generated by org.testng.reporters.JUnitReportReporter -->
<testsuite skipped="0" hostname="LTIN290374" name="testng_operations.Ex30_HandleAutoSuggestion_Way2" tests="1" failures="0" timestamp="17 Feb 2022 11:25:46 GMT" time="23.556" errors="0">
  <testcase name="test01" time="23.556" classname="testng_operations.Ex30_HandleAutoSuggestion_Way2"/>
</testsuite> <!-- testng_operations.Ex30_HandleAutoSuggestion_Way2 -->
