<?xml version="1.0" encoding="UTF-8"?>
<!-- Generated by org.testng.reporters.JUnitReportReporter -->
<testsuite skipped="0" hostname="LTIN290374" name="jsexecutor.Ex03_HandleElements" tests="1" failures="0" timestamp="22 Feb 2022 11:13:11 GMT" time="25.322" errors="0">
  <testcase name="test01" time="25.322" classname="jsexecutor.Ex03_HandleElements"/>
</testsuite> <!-- jsexecutor.Ex03_HandleElements -->
