<?xml version="1.0" encoding="UTF-8"?>
<!-- Generated by org.testng.reporters.JUnitReportReporter -->
<testsuite skipped="0" hostname="LTIN290374" name="regex.Ex1" tests="1" failures="0" timestamp="24 Feb 2022 13:12:45 GMT" time="9.917" errors="0">
  <testcase name="test01" time="9.917" classname="regex.Ex1"/>
</testsuite> <!-- regex.Ex1 -->
