<?xml version="1.0" encoding="UTF-8"?>
<!-- Generated by org.testng.reporters.JUnitReportReporter -->
<testsuite skipped="0" hostname="LTIN290374" name="config_utility_base_2.TestClass" tests="2" failures="0" timestamp="04 Mar 2022 10:39:26 GMT" time="11.264" errors="0">
  <testcase name="test02" time="5.633" classname="config_utility_base_2.TestClass"/>
  <testcase name="test01" time="5.631" classname="config_utility_base_2.TestClass"/>
</testsuite> <!-- config_utility_base_2.TestClass -->
