<?xml version="1.0" encoding="UTF-8"?>
<!-- Generated by org.testng.reporters.JUnitReportReporter -->
<testsuite skipped="0" hostname="LTIN290374" name="testng_other_operations.Ex06_MultipleTestExecution_BC" tests="2" failures="0" timestamp="03 Mar 2022 17:31:36 GMT" time="1.959" errors="0">
  <testcase name="test01" time="0.835" classname="testng_other_operations.Ex06_MultipleTestExecution_BC"/>
  <testcase name="test02" time="1.124" classname="testng_other_operations.Ex06_MultipleTestExecution_BC"/>
</testsuite> <!-- testng_other_operations.Ex06_MultipleTestExecution_BC -->
