<?xml version="1.0" encoding="UTF-8"?>
<!-- Generated by org.testng.reporters.JUnitReportReporter -->
<testsuite skipped="0" hostname="LTIN290374" name="testng_operations.Ex27_HandleAssertion" tests="1" failures="0" timestamp="17 Feb 2022 10:05:54 GMT" time="13.549" errors="0">
  <testcase name="test01" time="13.549" classname="testng_operations.Ex27_HandleAssertion"/>
</testsuite> <!-- testng_operations.Ex27_HandleAssertion -->
