<?xml version="1.0" encoding="UTF-8"?>
<!-- Generated by org.testng.reporters.JUnitReportReporter -->
<testsuite skipped="0" hostname="LTIN290374" name="jsexecutor.Ex01_HandleScrollingElement" tests="1" failures="0" timestamp="07 Mar 2022 05:58:50 GMT" time="21.091" errors="0">
  <testcase name="test01" time="21.091" classname="jsexecutor.Ex01_HandleScrollingElement"/>
</testsuite> <!-- jsexecutor.Ex01_HandleScrollingElement -->
