<?xml version="1.0" encoding="UTF-8"?>
<!-- Generated by org.testng.reporters.JUnitReportReporter -->
<testsuite skipped="0" hostname="LTIN290374" name="jsexecutor.Ex02_HandleButton" tests="1" failures="0" timestamp="22 Feb 2022 10:59:43 GMT" time="17.703" errors="0">
  <testcase name="test01" time="17.703" classname="jsexecutor.Ex02_HandleButton"/>
</testsuite> <!-- jsexecutor.Ex02_HandleButton -->
