<?xml version="1.0" encoding="UTF-8"?>
<!-- Generated by org.testng.reporters.JUnitReportReporter -->
<testsuite skipped="0" hostname="LTIN290374" name="testng_operations.Ex04_1_HandleHeadlessBrowser" tests="1" failures="0" timestamp="15 Feb 2022 06:33:05 GMT" time="7.095" errors="0">
  <testcase name="test01" time="7.095" classname="testng_operations.Ex04_1_HandleHeadlessBrowser"/>
</testsuite> <!-- testng_operations.Ex04_1_HandleHeadlessBrowser -->
