<?xml version="1.0" encoding="UTF-8"?>
<!-- Generated by org.testng.reporters.JUnitReportReporter -->
<testsuite skipped="1" hostname="LTIN290374" name="testng_other_operations.Ex03_IgnoredTestExecution" tests="2" failures="0" timestamp="03 Mar 2022 17:14:30 GMT" time="15.095" errors="0">
  <testcase name="test02" time="15.095" classname="testng_other_operations.Ex03_IgnoredTestExecution"/>
  <testcase name="test01" classname="testng_other_operations.Ex03_IgnoredTestExecution">
    <skipped/>
  </testcase> <!-- test01 -->
</testsuite> <!-- testng_other_operations.Ex03_IgnoredTestExecution -->
