<?xml version="1.0" encoding="UTF-8"?>
<!-- Generated by org.testng.reporters.JUnitReportReporter -->
<testsuite skipped="0" hostname="LTIN290374" name="regex.Ex2" tests="1" failures="0" timestamp="24 Feb 2022 14:08:21 GMT" time="26.286" errors="0">
  <testcase name="test01" time="26.286" classname="regex.Ex2"/>
</testsuite> <!-- regex.Ex2 -->
