<?xml version="1.0" encoding="UTF-8"?>
<!-- Generated by org.testng.reporters.JUnitReportReporter -->
<testsuite skipped="0" hostname="LTIN290374" name="testng_operations.Ex05_HandleManageWindow" tests="1" failures="0" timestamp="15 Feb 2022 08:01:59 GMT" time="22.111" errors="0">
  <testcase name="test01" time="22.111" classname="testng_operations.Ex05_HandleManageWindow"/>
</testsuite> <!-- testng_operations.Ex05_HandleManageWindow -->
