<?xml version="1.0" encoding="UTF-8"?>
<!-- Generated by org.testng.reporters.JUnitReportReporter -->
<testsuite skipped="0" hostname="LTIN290374" name="testng_operations.Ex04_2_HandleHeadlessChromeBrowser" tests="1" failures="0" timestamp="15 Feb 2022 06:46:21 GMT" time="11.988" errors="0">
  <testcase name="test01" time="11.988" classname="testng_operations.Ex04_2_HandleHeadlessChromeBrowser"/>
</testsuite> <!-- testng_operations.Ex04_2_HandleHeadlessChromeBrowser -->
