<?xml version="1.0" encoding="UTF-8"?>
<!-- Generated by org.testng.reporters.JUnitReportReporter -->
<testsuite skipped="0" hostname="LTIN290374" name="testng_other_operations.Ex07_01_TestExecution" tests="2" failures="0" timestamp="13 Mar 2022 10:36:59 GMT" time="26.623" errors="0">
  <testcase name="test01" time="13.277" classname="testng_other_operations.Ex07_01_TestExecution"/>
  <testcase name="test01" time="13.346" classname="testng_other_operations.Ex07_01_TestExecution"/>
</testsuite> <!-- testng_other_operations.Ex07_01_TestExecution -->
