<?xml version="1.0" encoding="UTF-8"?>
<!-- Generated by org.testng.reporters.JUnitReportReporter -->
<testsuite skipped="0" hostname="LTIN290374" name="testng_operations.Ex07_HandleDisplayWebItems" tests="1" failures="0" timestamp="15 Feb 2022 08:46:09 GMT" time="43.121" errors="0">
  <testcase name="test01" time="43.121" classname="testng_operations.Ex07_HandleDisplayWebItems"/>
</testsuite> <!-- testng_operations.Ex07_HandleDisplayWebItems -->
