<?xml version="1.0" encoding="UTF-8"?>
<!-- Generated by org.testng.reporters.JUnitReportReporter -->
<testsuite skipped="0" hostname="LTIN290374" name="testng_operations.Ex11_HandleLink" tests="1" failures="0" timestamp="15 Feb 2022 16:56:44 GMT" time="12.568" errors="0">
  <testcase name="test01" time="12.568" classname="testng_operations.Ex11_HandleLink"/>
</testsuite> <!-- testng_operations.Ex11_HandleLink -->
