<?xml version="1.0" encoding="UTF-8"?>
<!-- Generated by org.testng.reporters.JUnitReportReporter -->
<testsuite skipped="0" hostname="LTIN290374" name="testng_operations.Ex01_Handle_Chrome_Browser" tests="1" failures="0" timestamp="15 Feb 2022 06:16:30 GMT" time="12.915" errors="0">
  <testcase name="test01" time="12.915" classname="testng_operations.Ex01_Handle_Chrome_Browser"/>
</testsuite> <!-- testng_operations.Ex01_Handle_Chrome_Browser -->
