<?xml version="1.0" encoding="UTF-8"?>
<!-- Generated by org.testng.reporters.JUnitReportReporter -->
<testsuite skipped="0" hostname="LTIN290374" name="config_utility_base_1.TestClass" tests="2" failures="0" timestamp="04 Mar 2022 10:05:23 GMT" time="23.366" errors="0">
  <testcase name="test02" time="11.258" classname="config_utility_base_1.TestClass"/>
  <testcase name="test01" time="12.108" classname="config_utility_base_1.TestClass"/>
</testsuite> <!-- config_utility_base_1.TestClass -->
