<?xml version="1.0" encoding="UTF-8"?>
<!-- Generated by org.testng.reporters.JUnitReportReporter -->
<testsuite skipped="0" hostname="LTIN290374" name="testng_other_operations.Ex02_PrioritizedTestExecution" tests="2" failures="0" timestamp="03 Mar 2022 17:07:46 GMT" time="25.104" errors="0">
  <testcase name="test02" time="13.774" classname="testng_other_operations.Ex02_PrioritizedTestExecution"/>
  <testcase name="test01" time="11.330" classname="testng_other_operations.Ex02_PrioritizedTestExecution"/>
</testsuite> <!-- testng_other_operations.Ex02_PrioritizedTestExecution -->
