<?xml version="1.0" encoding="UTF-8"?>
<!-- Generated by org.testng.reporters.JUnitReportReporter -->
<testsuite skipped="0" hostname="LTIN290374" name="testng_operations.Ex26_HandleScreenshot" tests="1" failures="0" timestamp="17 Feb 2022 09:49:38 GMT" time="16.737" errors="0">
  <testcase name="test01" time="16.737" classname="testng_operations.Ex26_HandleScreenshot"/>
</testsuite> <!-- testng_operations.Ex26_HandleScreenshot -->
