<?xml version="1.0" encoding="UTF-8"?>
<!-- Generated by org.testng.reporters.JUnitReportReporter -->
<testsuite skipped="0" hostname="LTIN290374" name="testng_operations.Ex24_HandleFrames" tests="1" failures="0" timestamp="17 Feb 2022 08:23:08 GMT" time="17.118" errors="0">
  <testcase name="test01" time="17.118" classname="testng_operations.Ex24_HandleFrames"/>
</testsuite> <!-- testng_operations.Ex24_HandleFrames -->
