<?xml version="1.0" encoding="UTF-8"?>
<!-- Generated by org.testng.reporters.JUnitReportReporter -->
<testsuite skipped="0" hostname="LTIN290374" name="testng_operations.Ex30_HandleAutoSuggestion_Way1" tests="1" failures="0" timestamp="17 Feb 2022 11:07:16 GMT" time="22.607" errors="0">
  <testcase name="test01" time="22.607" classname="testng_operations.Ex30_HandleAutoSuggestion_Way1"/>
</testsuite> <!-- testng_operations.Ex30_HandleAutoSuggestion_Way1 -->
