<?xml version="1.0" encoding="UTF-8"?>
<!-- Generated by org.testng.reporters.JUnitReportReporter -->
<testsuite skipped="0" hostname="LTIN290374" name="testng_other_operations.Ex08_TestGroup" tests="3" failures="0" timestamp="13 Mar 2022 10:57:59 GMT" time="0.018" errors="0">
  <testcase name="test03" time="0.001" classname="testng_other_operations.Ex08_TestGroup"/>
  <testcase name="test02" time="0.002" classname="testng_other_operations.Ex08_TestGroup"/>
  <testcase name="test01" time="0.015" classname="testng_other_operations.Ex08_TestGroup"/>
</testsuite> <!-- testng_other_operations.Ex08_TestGroup -->
