<?xml version="1.0" encoding="UTF-8"?>
<!-- Generated by org.testng.reporters.JUnitReportReporter -->
<testsuite skipped="0" hostname="LTIN290374" name="testng_operations.Ex25_HandleCalendar" tests="1" failures="0" timestamp="17 Feb 2022 08:33:16 GMT" time="20.526" errors="0">
  <testcase name="test01" time="20.526" classname="testng_operations.Ex25_HandleCalendar"/>
</testsuite> <!-- testng_operations.Ex25_HandleCalendar -->
