<?xml version="1.0" encoding="UTF-8"?>
<!-- Generated by org.testng.reporters.JUnitReportReporter -->
<testsuite skipped="0" hostname="LTIN290374" name="testng_operations.Ex12_HandleTextBox" tests="1" failures="0" timestamp="15 Feb 2022 17:18:10 GMT" time="17.774" errors="0">
  <testcase name="test01" time="17.774" classname="testng_operations.Ex12_HandleTextBox"/>
</testsuite> <!-- testng_operations.Ex12_HandleTextBox -->
