<?xml version="1.0" encoding="UTF-8"?>
<!-- Generated by org.testng.reporters.JUnitReportReporter -->
<testsuite skipped="0" hostname="LTIN290374" name="testng_operations.Ex13_HandleText" tests="1" failures="0" timestamp="15 Feb 2022 18:05:01 GMT" time="10.428" errors="0">
  <testcase name="test01" time="10.428" classname="testng_operations.Ex13_HandleText"/>
</testsuite> <!-- testng_operations.Ex13_HandleText -->
