<?xml version="1.0" encoding="UTF-8"?>
<!-- Generated by org.testng.reporters.JUnitReportReporter -->
<testsuite skipped="0" hostname="LTIN290374" name="testng_operations.Ex23_2_HandleAlert" tests="1" failures="0" timestamp="17 Feb 2022 06:47:01 GMT" time="12.470" errors="0">
  <testcase name="test01" time="12.470" classname="testng_operations.Ex23_2_HandleAlert"/>
</testsuite> <!-- testng_operations.Ex23_2_HandleAlert -->
