<?xml version="1.0" encoding="UTF-8"?>
<!-- Generated by org.testng.reporters.JUnitReportReporter -->
<testsuite skipped="0" hostname="LTIN290374" name="testng_operations.Ex16_HandleDropdownBox" tests="1" failures="0" timestamp="16 Feb 2022 07:05:19 GMT" time="22.871" errors="0">
  <testcase name="test01" time="22.871" classname="testng_operations.Ex16_HandleDropdownBox"/>
</testsuite> <!-- testng_operations.Ex16_HandleDropdownBox -->
