<?xml version="1.0" encoding="UTF-8"?>
<!-- Generated by org.testng.reporters.JUnitReportReporter -->
<testsuite skipped="0" hostname="LTIN290374" name="testng_operations.Ex23_1_HandleAlert" tests="1" failures="0" timestamp="22 Feb 2022 09:23:06 GMT" time="24.928" errors="0">
  <testcase name="test01" time="24.928" classname="testng_operations.Ex23_1_HandleAlert"/>
</testsuite> <!-- testng_operations.Ex23_1_HandleAlert -->
