<?xml version="1.0" encoding="UTF-8"?>
<!-- Generated by org.testng.reporters.JUnitReportReporter -->
<testsuite skipped="0" hostname="LTIN290374" name="testng_operations.Ex09_HandleElementLocators_Way2" tests="1" failures="0" timestamp="15 Feb 2022 11:14:22 GMT" time="12.816" errors="0">
  <testcase name="test01" time="12.816" classname="testng_operations.Ex09_HandleElementLocators_Way2"/>
</testsuite> <!-- testng_operations.Ex09_HandleElementLocators_Way2 -->
