<?xml version="1.0" encoding="UTF-8"?>
<!-- Generated by org.testng.reporters.JUnitReportReporter -->
<testsuite skipped="0" hostname="LTIN290374" name="testng_operations.Ex21_2_HandleDragNDrop" tests="1" failures="0" timestamp="22 Feb 2022 09:42:36 GMT" time="19.499" errors="0">
  <testcase name="test01" time="19.499" classname="testng_operations.Ex21_2_HandleDragNDrop"/>
</testsuite> <!-- testng_operations.Ex21_2_HandleDragNDrop -->
