<?xml version="1.0" encoding="UTF-8"?>
<!-- Generated by org.testng.reporters.JUnitReportReporter -->
<testsuite skipped="0" hostname="LTIN290374" name="testng_other_operations.Ex01_MultipleTestExecution_Way2" tests="2" failures="0" timestamp="03 Mar 2022 17:05:43 GMT" time="14.588" errors="0">
  <testcase name="test02" time="5.810" classname="testng_other_operations.Ex01_MultipleTestExecution_Way2"/>
  <testcase name="test01" time="8.778" classname="testng_other_operations.Ex01_MultipleTestExecution_Way2"/>
</testsuite> <!-- testng_other_operations.Ex01_MultipleTestExecution_Way2 -->
