<?xml version="1.0" encoding="UTF-8"?>
<!-- Generated by org.testng.reporters.JUnitReportReporter -->
<testsuite hostname="LTIN290374" name="testng_operations.Ex22_HandleMultipleWindows" tests="1" failures="0" timestamp="11 Apr 2022 07:09:58 GMT" time="81.377" errors="0">
  <testcase name="test01" time="81.377" classname="testng_operations.Ex22_HandleMultipleWindows"/>
</testsuite> <!-- testng_operations.Ex22_HandleMultipleWindows -->
