<?xml version="1.0" encoding="UTF-8"?>
<!-- Generated by org.testng.reporters.JUnitReportReporter -->
<testsuite skipped="0" hostname="LTIN290374" name="testng_other_operations.Ex07_02_TestExecution" tests="2" failures="0" timestamp="13 Mar 2022 10:36:59 GMT" time="25.732" errors="0">
  <testcase name="test02" time="12.885" classname="testng_other_operations.Ex07_02_TestExecution"/>
  <testcase name="test02" time="12.847" classname="testng_other_operations.Ex07_02_TestExecution"/>
</testsuite> <!-- testng_other_operations.Ex07_02_TestExecution -->
