<?xml version="1.0" encoding="UTF-8"?>
<!-- Generated by org.testng.reporters.JUnitReportReporter -->
<testsuite skipped="0" hostname="LTIN290374" name="testng_other_operations.Ex10_Logs" tests="2" failures="0" timestamp="13 Mar 2022 11:42:18 GMT" time="0.016" errors="0">
  <testcase name="test02" time="0.002" classname="testng_other_operations.Ex10_Logs"/>
  <testcase name="test01" time="0.014" classname="testng_other_operations.Ex10_Logs"/>
</testsuite> <!-- testng_other_operations.Ex10_Logs -->
