<?xml version="1.0" encoding="UTF-8"?>
<!-- Generated by org.testng.reporters.JUnitReportReporter -->
<testsuite skipped="0" hostname="LTIN290374" name="testng_operations.Ex10_HandleMultipleElements" tests="1" failures="0" timestamp="15 Feb 2022 15:47:15 GMT" time="17.252" errors="0">
  <testcase name="test01" time="17.252" classname="testng_operations.Ex10_HandleMultipleElements"/>
</testsuite> <!-- testng_operations.Ex10_HandleMultipleElements -->
