<?xml version="1.0" encoding="UTF-8"?>
<!-- Generated by org.testng.reporters.JUnitReportReporter -->
<testsuite skipped="0" hostname="LTIN290374" name="testng_operations.Ex21_3_HandleDragNDrop" tests="1" failures="0" timestamp="22 Feb 2022 09:47:52 GMT" time="19.656" errors="0">
  <testcase name="test01" time="19.656" classname="testng_operations.Ex21_3_HandleDragNDrop"/>
</testsuite> <!-- testng_operations.Ex21_3_HandleDragNDrop -->
