<?xml version="1.0" encoding="UTF-8"?>
<!-- Generated by org.testng.reporters.JUnitReportReporter -->
<testsuite skipped="1" hostname="LTIN290374" name="testng_other_operations.Ex09_TestDependency" tests="5" failures="0" timestamp="13 Mar 2022 11:18:06 GMT" time="0.011" errors="1">
  <testcase name="test03" time="0.000" classname="testng_other_operations.Ex09_TestDependency"/>
  <testcase name="test02" time="0.001" classname="testng_other_operations.Ex09_TestDependency"/>
  <testcase name="test01" time="0.008" classname="testng_other_operations.Ex09_TestDependency"/>
  <testcase name="test05" time="0.001" classname="testng_other_operations.Ex09_TestDependency">
    <skipped/>
  </testcase> <!-- test05 -->
  <testcase name="test04" time="0.001" classname="testng_other_operations.Ex09_TestDependency">
    <error type="java.lang.Error" message="Unresolved compilation problem: 
	The method assertTrue(boolean) is undefined for the type Ex09_TestDependency
">
      <![CDATA[java.lang.Error: Unresolved compilation problem: 
The method assertTrue(boolean) is undefined for the type Ex09_TestDependency

at testng_other_operations.Ex09_TestDependency.test04(Ex09_TestDependency.java:28)
at sun.reflect.NativeMethodAccessorImpl.invoke0(Native Method)
at sun.reflect.NativeMethodAccessorImpl.invoke(NativeMethodAccessorImpl.java:62)
at sun.reflect.DelegatingMethodAccessorImpl.invoke(DelegatingMethodAccessorImpl.java:43)
at java.lang.reflect.Method.invoke(Method.java:498)
at org.testng.internal.MethodInvocationHelper.invokeMethod(MethodInvocationHelper.java:124)
at org.testng.internal.Invoker.invokeMethod(Invoker.java:583)
at org.testng.internal.Invoker.invokeTestMethod(Invoker.java:719)
at org.testng.internal.Invoker.invokeTestMethods(Invoker.java:989)
at org.testng.internal.TestMethodWorker.invokeTestMethods(TestMethodWorker.java:125)
at org.testng.internal.TestMethodWorker.run(TestMethodWorker.java:109)
at org.testng.TestRunner.privateRun(TestRunner.java:648)
at org.testng.TestRunner.run(TestRunner.java:505)
at org.testng.SuiteRunner.runTest(SuiteRunner.java:455)
at org.testng.SuiteRunner.runSequentially(SuiteRunner.java:450)
at org.testng.SuiteRunner.privateRun(SuiteRunner.java:415)
at org.testng.SuiteRunner.run(SuiteRunner.java:364)
at org.testng.SuiteRunnerWorker.runSuite(SuiteRunnerWorker.java:52)
at org.testng.SuiteRunnerWorker.run(SuiteRunnerWorker.java:84)
at org.testng.TestNG.runSuitesSequentially(TestNG.java:1208)
at org.testng.TestNG.runSuitesLocally(TestNG.java:1137)
at org.testng.TestNG.runSuites(TestNG.java:1049)
at org.testng.TestNG.run(TestNG.java:1017)
at org.testng.remote.AbstractRemoteTestNG.run(AbstractRemoteTestNG.java:114)
at org.testng.remote.RemoteTestNG.initAndRun(RemoteTestNG.java:251)
at org.testng.remote.RemoteTestNG.main(RemoteTestNG.java:77)
]]>
    </error>
  </testcase> <!-- test04 -->
</testsuite> <!-- testng_other_operations.Ex09_TestDependency -->
