<?xml version="1.0" encoding="UTF-8"?>
<!-- Generated by org.testng.reporters.JUnitReportReporter -->
<testsuite skipped="0" hostname="LTIN290374" name="testng_operations.Ex18_HandleKeys" tests="1" failures="0" timestamp="16 Feb 2022 09:51:08 GMT" time="16.843" errors="0">
  <testcase name="test01" time="16.843" classname="testng_operations.Ex18_HandleKeys"/>
</testsuite> <!-- testng_operations.Ex18_HandleKeys -->
