<?xml version="1.0" encoding="UTF-8"?>
<!-- Generated by org.testng.reporters.JUnitReportReporter -->
<testsuite skipped="0" hostname="LTIN290374" name="table.HandleTable" tests="1" failures="0" timestamp="24 Feb 2022 15:24:39 GMT" time="17.476" errors="0">
  <testcase name="test01" time="17.476" classname="table.HandleTable"/>
</testsuite> <!-- table.HandleTable -->
