<?xml version="1.0" encoding="UTF-8"?>
<!-- Generated by org.testng.reporters.JUnitReportReporter -->
<testsuite skipped="0" hostname="LTIN290374" name="testng_operations.Ex17_HandleCheckBox" tests="1" failures="0" timestamp="16 Feb 2022 07:21:09 GMT" time="20.993" errors="0">
  <testcase name="test01" time="20.993" classname="testng_operations.Ex17_HandleCheckBox"/>
</testsuite> <!-- testng_operations.Ex17_HandleCheckBox -->
