<?xml version="1.0" encoding="UTF-8"?>
<!-- Generated by org.testng.reporters.JUnitReportReporter -->
<testsuite skipped="0" hostname="LTIN290374" name="upload.HandleFileUpload" tests="1" failures="0" timestamp="24 Feb 2022 15:51:09 GMT" time="13.855" errors="0">
  <testcase name="test01" time="13.855" classname="upload.HandleFileUpload"/>
</testsuite> <!-- upload.HandleFileUpload -->
