<?xml version="1.0" encoding="UTF-8"?>
<!-- Generated by org.testng.reporters.JUnitReportReporter -->
<testsuite skipped="0" hostname="LTIN290374" name="testng_other_operations.Ex05_MultipleTestExecution_BM" tests="2" failures="0" timestamp="03 Mar 2022 17:29:22 GMT" time="27.306" errors="0">
  <testcase name="test01" time="11.131" classname="testng_other_operations.Ex05_MultipleTestExecution_BM"/>
  <testcase name="test02" time="16.175" classname="testng_other_operations.Ex05_MultipleTestExecution_BM"/>
</testsuite> <!-- testng_other_operations.Ex05_MultipleTestExecution_BM -->
