<?xml version="1.0" encoding="UTF-8"?>
<!-- Generated by org.testng.reporters.JUnitReportReporter -->
<testsuite skipped="0" hostname="LTIN290374" name="testng_operations.Ex28_HandleSynchronization" tests="1" failures="0" timestamp="17 Feb 2022 10:34:53 GMT" time="13.089" errors="0">
  <testcase name="test01" time="13.089" classname="testng_operations.Ex28_HandleSynchronization"/>
</testsuite> <!-- testng_operations.Ex28_HandleSynchronization -->
