<?xml version="1.0" encoding="UTF-8"?>
<!-- Generated by org.testng.reporters.JUnitReportReporter -->
<testsuite skipped="0" hostname="LTIN290374" name="udm.Ex01_Run" tests="1" failures="0" timestamp="24 Feb 2022 17:55:09 GMT" time="17.908" errors="0">
  <testcase name="test01" time="17.908" classname="udm.Ex01_Run"/>
</testsuite> <!-- udm.Ex01_Run -->
