<?xml version="1.0" encoding="UTF-8"?>
<!-- Generated by org.testng.reporters.JUnitReportReporter -->
<testsuite skipped="0" hostname="LTIN290374" name="testng_operations.Ex15_HandleRadioButton" tests="1" failures="0" timestamp="16 Feb 2022 06:03:49 GMT" time="19.268" errors="0">
  <testcase name="test01" time="19.268" classname="testng_operations.Ex15_HandleRadioButton"/>
</testsuite> <!-- testng_operations.Ex15_HandleRadioButton -->
