<?xml version="1.0" encoding="UTF-8"?>
<!-- Generated by org.testng.reporters.JUnitReportReporter -->
<testsuite skipped="0" hostname="LTIN290374" name="testng_other_operations.Ex01_MultipleTestExecution_Way1" tests="2" failures="0" timestamp="03 Mar 2022 17:04:20 GMT" time="28.307" errors="0">
  <testcase name="test01" time="15.558" classname="testng_other_operations.Ex01_MultipleTestExecution_Way1"/>
  <testcase name="test02" time="12.749" classname="testng_other_operations.Ex01_MultipleTestExecution_Way1"/>
</testsuite> <!-- testng_other_operations.Ex01_MultipleTestExecution_Way1 -->
