<?xml version="1.0" encoding="UTF-8"?>
<!-- Generated by org.testng.reporters.JUnitReportReporter -->
<testsuite skipped="0" hostname="LTIN290374" name="testng_operations.Ex08_HandlePageNavigations" tests="1" failures="0" timestamp="15 Feb 2022 09:35:47 GMT" time="18.996" errors="0">
  <testcase name="test01" time="18.996" classname="testng_operations.Ex08_HandlePageNavigations"/>
</testsuite> <!-- testng_operations.Ex08_HandlePageNavigations -->
