<?xml version="1.0" encoding="UTF-8"?>
<!-- Generated by org.testng.reporters.JUnitReportReporter -->
<testsuite skipped="0" hostname="LTIN290374" name="testng_other_operations.Ex04_Annotations" tests="2" failures="0" timestamp="09 Mar 2022 14:36:16 GMT" time="0.015" errors="0">
  <testcase name="test02" time="0.003" classname="testng_other_operations.Ex04_Annotations"/>
  <testcase name="test01" time="0.012" classname="testng_other_operations.Ex04_Annotations"/>
</testsuite> <!-- testng_other_operations.Ex04_Annotations -->
